<?xml version="1.0" encoding="UTF-8"?>
<!-- Generated by org.testng.reporters.JUnitReportReporter -->
<testsuite hostname="PeaceLover" failures="0" tests="2" name="RonaldFredrick_Automation.SeleniumFrameWork_Implementation.Add_Delete_Product_Cart" time="17.482" errors="0" timestamp="2025-01-23T23:02:42 IST" skipped="0">
  <testcase classname="RonaldFredrick_Automation.SeleniumFrameWork_Implementation.Add_Delete_Product_Cart" name="Add_and_Delete_Product_From_Cart" time="7.795"/>
  <testcase classname="RonaldFredrick_Automation.SeleniumFrameWork_Implementation.Add_Delete_Product_Cart" name="Add_and_Delete_Product_From_Cart" time="9.687"/>
</testsuite> <!-- RonaldFredrick_Automation.SeleniumFrameWork_Implementation.Add_Delete_Product_Cart -->
