<?xml version="1.0" encoding="UTF-8"?>
<!-- Generated by org.testng.reporters.JUnitReportReporter -->
<testsuite hostname="PeaceLover" failures="0" tests="2" name="Cucumber.TestNGTestRunner" time="19.685" errors="0" timestamp="2025-02-06T23:09:13 IST" skipped="0">
  <testcase classname="Cucumber.TestNGTestRunner" name="runScenario" time="7.381"/>
  <testcase classname="Cucumber.TestNGTestRunner" name="runScenario" time="12.304"/>
</testsuite> <!-- Cucumber.TestNGTestRunner -->
