<?xml version="1.0" encoding="UTF-8"?>
<!-- Generated by org.testng.reporters.JUnitReportReporter -->
<testsuite hostname="PeaceLover" failures="0" tests="2" name="RonaldFredrick_Automation.SeleniumFrameWork_Implementation.userAuthentication" time="7.631" errors="0" timestamp="2025-01-19T13:34:40 IST" skipped="0">
  <testcase classname="RonaldFredrick_Automation.SeleniumFrameWork_Implementation.userAuthentication" name="validLogin" time="3.387"/>
  <testcase classname="RonaldFredrick_Automation.SeleniumFrameWork_Implementation.userAuthentication" name="inValidLogin" time="4.244"/>
</testsuite> <!-- RonaldFredrick_Automation.SeleniumFrameWork_Implementation.userAuthentication -->
