<?xml version="1.0" encoding="UTF-8"?>
<!-- Generated by org.testng.reporters.JUnitReportReporter -->
<testsuite hostname="PeaceLover" failures="0" tests="1" name="RonaldFredrick_Automation.SeleniumFrameWork_Implementation.Validate_user_Able_to_AddProductTo_Cart" time="6.998" errors="0" timestamp="2025-01-19T18:05:53 IST" skipped="0">
  <testcase classname="RonaldFredrick_Automation.SeleniumFrameWork_Implementation.Validate_user_Able_to_AddProductTo_Cart" name="validating_cartFunctionality" time="6.998"/>
</testsuite> <!-- RonaldFredrick_Automation.SeleniumFrameWork_Implementation.Validate_user_Able_to_AddProductTo_Cart -->
