<?xml version="1.0" encoding="UTF-8"?>
<!-- Generated by org.testng.reporters.JUnitReportReporter -->
<testsuite hostname="PeaceLover" failures="0" tests="2" name="RonaldFredrick_Automation.SeleniumFrameWork_Implementation.Read_data_From_JSON" time="12.824" errors="0" timestamp="2025-02-01T12:58:44 IST" skipped="0">
  <testcase classname="RonaldFredrick_Automation.SeleniumFrameWork_Implementation.Read_data_From_JSON" name="Add_To_Cart_JSON_dataProvider" time="6.712"/>
  <testcase classname="RonaldFredrick_Automation.SeleniumFrameWork_Implementation.Read_data_From_JSON" name="Add_To_Cart_JSON_dataProvider" time="6.112"/>
</testsuite> <!-- RonaldFredrick_Automation.SeleniumFrameWork_Implementation.Read_data_From_JSON -->
