<?xml version="1.0" encoding="UTF-8"?>
<!-- Generated by org.testng.reporters.JUnitReportReporter -->
<testsuite hostname="PeaceLover" failures="0" tests="1" name="RonaldFredrick_Automation.TestComponent.BaseTest" time="2.431" errors="0" timestamp="2025-01-21T23:07:59 IST" skipped="0">
  <testcase classname="RonaldFredrick_Automation.TestComponent.BaseTest" name="initializeDriver" time="2.431"/>
</testsuite> <!-- RonaldFredrick_Automation.TestComponent.BaseTest -->
