<?xml version="1.0" encoding="UTF-8"?>
<!-- Generated by org.testng.reporters.JUnitReportReporter -->
<testsuite hostname="PeaceLover" failures="0" tests="1" name="RonaldFredrick_Automation.SeleniumFrameWork_Implementation.Registration_validation" time="6.837" errors="0" timestamp="2025-01-19T14:22:02 IST" skipped="0">
  <testcase classname="RonaldFredrick_Automation.SeleniumFrameWork_Implementation.Registration_validation" name="registration_Validation" time="6.837"/>
</testsuite> <!-- RonaldFredrick_Automation.SeleniumFrameWork_Implementation.Registration_validation -->
