<?xml version="1.0" encoding="UTF-8"?>
<!-- Generated by org.testng.reporters.JUnitReportReporter -->
<testsuite hostname="PeaceLover" failures="0" tests="2" name="RonaldFredrick_Automation.SeleniumFrameWork_Implementation.UserAuthentication_Validation_Valid" time="4.858" errors="0" timestamp="2025-02-05T13:47:40 IST" skipped="0">
  <testcase classname="RonaldFredrick_Automation.SeleniumFrameWork_Implementation.UserAuthentication_Validation_Valid" name="validLogin" time="2.381"/>
  <testcase classname="RonaldFredrick_Automation.SeleniumFrameWork_Implementation.UserAuthentication_Validation_Valid" name="validLogin" time="2.477"/>
</testsuite> <!-- RonaldFredrick_Automation.SeleniumFrameWork_Implementation.UserAuthentication_Validation_Valid -->
