<?xml version="1.0" encoding="UTF-8"?>
<!-- Generated by org.testng.reporters.JUnitReportReporter -->
<testsuite hostname="PeaceLover" failures="0" tests="1" name="RonaldFredrick_Automation.SeleniumFrameWork_Implementation.UserRegistration_Validation" time="6.786" errors="0" timestamp="2025-02-05T13:47:40 IST" skipped="0">
  <testcase classname="RonaldFredrick_Automation.SeleniumFrameWork_Implementation.UserRegistration_Validation" name="registration_Validation" time="6.786"/>
</testsuite> <!-- RonaldFredrick_Automation.SeleniumFrameWork_Implementation.UserRegistration_Validation -->
