<?xml version="1.0" encoding="UTF-8"?>
<!-- Generated by org.testng.reporters.JUnitReportReporter -->
<testsuite hostname="PeaceLover" failures="0" tests="2" name="RonaldFredrick_Automation.SeleniumFrameWork_Implementation.ShoppingCart_Validation_Add_to_Cart" time="13.994" errors="0" timestamp="2025-02-05T13:47:40 IST" skipped="0">
  <testcase classname="RonaldFredrick_Automation.SeleniumFrameWork_Implementation.ShoppingCart_Validation_Add_to_Cart" name="Add_productTo_cart" time="7.821"/>
  <testcase classname="RonaldFredrick_Automation.SeleniumFrameWork_Implementation.ShoppingCart_Validation_Add_to_Cart" name="Add_productTo_cart" time="6.173"/>
</testsuite> <!-- RonaldFredrick_Automation.SeleniumFrameWork_Implementation.ShoppingCart_Validation_Add_to_Cart -->
