<?xml version="1.0" encoding="UTF-8"?>
<!-- Generated by org.testng.reporters.JUnitReportReporter -->
<testsuite hostname="PeaceLover" failures="0" tests="2" name="RonaldFredrick_Automation.SeleniumFrameWork_Implementation.Read_data_From_JSON" time="27.764" errors="0" timestamp="2025-02-05T13:15:03 IST" skipped="0">
  <testcase classname="RonaldFredrick_Automation.SeleniumFrameWork_Implementation.Read_data_From_JSON" name="Add_To_Cart_JSON_dataProvider" time="12.939"/>
  <testcase classname="RonaldFredrick_Automation.SeleniumFrameWork_Implementation.Read_data_From_JSON" name="Add_To_Cart_JSON_dataProvider" time="14.825"/>
</testsuite> <!-- RonaldFredrick_Automation.SeleniumFrameWork_Implementation.Read_data_From_JSON -->
